<?xml version="1.0" encoding="UTF-8"?>
<testng-results skipped="0" failed="0" ignored="0" total="1" passed="1">
  <reporter-output>
  </reporter-output>
  <suite name="Default suite" duration-ms="74598" started-at="2018-08-13T06:14:24Z" finished-at="2018-08-13T06:15:39Z">
    <groups>
    </groups>
    <test name="Default test" duration-ms="74598" started-at="2018-08-13T06:14:24Z" finished-at="2018-08-13T06:15:39Z">
      <class name="com.appiumtest.iOSTest">
        <test-method status="PASS" signature="testsample()[pri:0, instance:com.appiumtest.iOSTest@44c8afef]" name="testsample" duration-ms="74578" started-at="2018-08-13T06:14:24Z" finished-at="2018-08-13T06:15:39Z">
          <reporter-output>
          </reporter-output>
        </test-method> <!-- testsample -->
      </class> <!-- com.appiumtest.iOSTest -->
    </test> <!-- Default test -->
  </suite> <!-- Default suite -->
</testng-results>
